04-Feb-2021 22:09:23.006 INFO [main] org.apache.catalina.startup.VersionLoggerListener.log Server version name:   Apache Tomcat/9.0.41
04-Feb-2021 22:09:23.014 INFO [main] org.apache.catalina.startup.VersionLoggerListener.log Server built:          Dec 3 2020 11:43:00 UTC
04-Feb-2021 22:09:23.014 INFO [main] org.apache.catalina.startup.VersionLoggerListener.log Server version number: 9.0.41.0
04-Feb-2021 22:09:23.014 INFO [main] org.apache.catalina.startup.VersionLoggerListener.log OS Name:               Mac OS X
04-Feb-2021 22:09:23.014 INFO [main] org.apache.catalina.startup.VersionLoggerListener.log OS Version:            10.16
04-Feb-2021 22:09:23.014 INFO [main] org.apache.catalina.startup.VersionLoggerListener.log Architecture:          x86_64
04-Feb-2021 22:09:23.014 INFO [main] org.apache.catalina.startup.VersionLoggerListener.log Java Home:             /Users/princeraj/Library/Java/JavaVirtualMachines/openjdk-15.0.1/Contents/Home
04-Feb-2021 22:09:23.015 INFO [main] org.apache.catalina.startup.VersionLoggerListener.log JVM Version:           15.0.1+9-18
04-Feb-2021 22:09:23.015 INFO [main] org.apache.catalina.startup.VersionLoggerListener.log JVM Vendor:            Oracle Corporation
04-Feb-2021 22:09:23.015 INFO [main] org.apache.catalina.startup.VersionLoggerListener.log CATALINA_BASE:         /Users/princeraj/Desktop/tomcat
04-Feb-2021 22:09:23.015 INFO [main] org.apache.catalina.startup.VersionLoggerListener.log CATALINA_HOME:         /Users/princeraj/Desktop/tomcat
04-Feb-2021 22:09:23.094 INFO [main] org.apache.catalina.startup.VersionLoggerListener.log Command line argument: --add-opens=java.base/java.lang=ALL-UNNAMED
04-Feb-2021 22:09:23.095 INFO [main] org.apache.catalina.startup.VersionLoggerListener.log Command line argument: --add-opens=java.base/java.io=ALL-UNNAMED
04-Feb-2021 22:09:23.095 INFO [main] org.apache.catalina.startup.VersionLoggerListener.log Command line argument: --add-opens=java.rmi/sun.rmi.transport=ALL-UNNAMED
04-Feb-2021 22:09:23.095 INFO [main] org.apache.catalina.startup.VersionLoggerListener.log Command line argument: -Djava.util.logging.config.file=/Users/princeraj/Desktop/tomcat/conf/logging.properties
04-Feb-2021 22:09:23.095 INFO [main] org.apache.catalina.startup.VersionLoggerListener.log Command line argument: -Djava.util.logging.manager=org.apache.juli.ClassLoaderLogManager
04-Feb-2021 22:09:23.095 INFO [main] org.apache.catalina.startup.VersionLoggerListener.log Command line argument: -Djdk.tls.ephemeralDHKeySize=2048
04-Feb-2021 22:09:23.095 INFO [main] org.apache.catalina.startup.VersionLoggerListener.log Command line argument: -Djava.protocol.handler.pkgs=org.apache.catalina.webresources
04-Feb-2021 22:09:23.096 INFO [main] org.apache.catalina.startup.VersionLoggerListener.log Command line argument: -Dorg.apache.catalina.security.SecurityListener.UMASK=0027
04-Feb-2021 22:09:23.096 INFO [main] org.apache.catalina.startup.VersionLoggerListener.log Command line argument: -Dignore.endorsed.dirs=
04-Feb-2021 22:09:23.096 INFO [main] org.apache.catalina.startup.VersionLoggerListener.log Command line argument: -Dcatalina.base=/Users/princeraj/Desktop/tomcat
04-Feb-2021 22:09:23.096 INFO [main] org.apache.catalina.startup.VersionLoggerListener.log Command line argument: -Dcatalina.home=/Users/princeraj/Desktop/tomcat
04-Feb-2021 22:09:23.096 INFO [main] org.apache.catalina.startup.VersionLoggerListener.log Command line argument: -Djava.io.tmpdir=/Users/princeraj/Desktop/tomcat/temp
04-Feb-2021 22:09:23.100 INFO [main] org.apache.catalina.core.AprLifecycleListener.lifecycleEvent The Apache Tomcat Native library which allows using OpenSSL was not found on the java.library.path: [/Users/princeraj/Library/Java/Extensions:/Library/Java/Extensions:/Network/Library/Java/Extensions:/System/Library/Java/Extensions:/usr/lib/java:.]
04-Feb-2021 22:09:23.723 INFO [main] org.apache.coyote.AbstractProtocol.init Initializing ProtocolHandler ["http-nio-8080"]
04-Feb-2021 22:09:23.823 INFO [main] org.apache.catalina.startup.Catalina.load Server initialization in [1321] milliseconds
04-Feb-2021 22:09:23.893 INFO [main] org.apache.catalina.core.StandardService.startInternal Starting service [Catalina]
04-Feb-2021 22:09:23.893 INFO [main] org.apache.catalina.core.StandardEngine.startInternal Starting Servlet engine: [Apache Tomcat/9.0.41]
04-Feb-2021 22:09:23.907 INFO [main] org.apache.catalina.startup.HostConfig.deployDirectory Deploying web application directory [/Users/princeraj/Desktop/tomcat/webapps/Gradle___com_example___ProjectJsp_1_0_SNAPSHOT_war]
04-Feb-2021 22:09:24.666 INFO [main] org.apache.jasper.servlet.TldScanner.scanJars At least one JAR was scanned for TLDs yet contained no TLDs. Enable debug logging for this logger for a complete list of JARs that were scanned but no TLDs were found in them. Skipping unneeded JARs during scanning can improve startup time and JSP compilation time.
04-Feb-2021 22:09:24.753 INFO [main] org.apache.catalina.startup.HostConfig.deployDirectory Deployment of web application directory [/Users/princeraj/Desktop/tomcat/webapps/Gradle___com_example___ProjectJsp_1_0_SNAPSHOT_war] has finished in [844] ms
04-Feb-2021 22:09:24.755 INFO [main] org.apache.catalina.startup.HostConfig.deployDirectory Deploying web application directory [/Users/princeraj/Desktop/tomcat/webapps/JspProject]
04-Feb-2021 22:09:25.007 INFO [main] org.apache.jasper.servlet.TldScanner.scanJars At least one JAR was scanned for TLDs yet contained no TLDs. Enable debug logging for this logger for a complete list of JARs that were scanned but no TLDs were found in them. Skipping unneeded JARs during scanning can improve startup time and JSP compilation time.
04-Feb-2021 22:09:25.011 INFO [main] org.apache.catalina.startup.HostConfig.deployDirectory Deployment of web application directory [/Users/princeraj/Desktop/tomcat/webapps/JspProject] has finished in [255] ms
04-Feb-2021 22:09:25.011 INFO [main] org.apache.catalina.startup.HostConfig.deployDirectory Deploying web application directory [/Users/princeraj/Desktop/tomcat/webapps/docs]
04-Feb-2021 22:09:25.268 INFO [main] org.apache.jasper.servlet.TldScanner.scanJars At least one JAR was scanned for TLDs yet contained no TLDs. Enable debug logging for this logger for a complete list of JARs that were scanned but no TLDs were found in them. Skipping unneeded JARs during scanning can improve startup time and JSP compilation time.
04-Feb-2021 22:09:25.271 INFO [main] org.apache.catalina.startup.HostConfig.deployDirectory Deployment of web application directory [/Users/princeraj/Desktop/tomcat/webapps/docs] has finished in [260] ms
04-Feb-2021 22:09:25.272 INFO [main] org.apache.catalina.startup.HostConfig.deployDirectory Deploying web application directory [/Users/princeraj/Desktop/tomcat/webapps/manager]
04-Feb-2021 22:09:25.474 INFO [main] org.apache.jasper.servlet.TldScanner.scanJars At least one JAR was scanned for TLDs yet contained no TLDs. Enable debug logging for this logger for a complete list of JARs that were scanned but no TLDs were found in them. Skipping unneeded JARs during scanning can improve startup time and JSP compilation time.
04-Feb-2021 22:09:25.485 INFO [main] org.apache.catalina.startup.HostConfig.deployDirectory Deployment of web application directory [/Users/princeraj/Desktop/tomcat/webapps/manager] has finished in [213] ms
04-Feb-2021 22:09:25.485 INFO [main] org.apache.catalina.startup.HostConfig.deployDirectory Deploying web application directory [/Users/princeraj/Desktop/tomcat/webapps/examples]
04-Feb-2021 22:09:25.983 INFO [main] org.apache.jasper.servlet.TldScanner.scanJars At least one JAR was scanned for TLDs yet contained no TLDs. Enable debug logging for this logger for a complete list of JARs that were scanned but no TLDs were found in them. Skipping unneeded JARs during scanning can improve startup time and JSP compilation time.
04-Feb-2021 22:09:26.010 INFO [main] org.apache.catalina.startup.HostConfig.deployDirectory Deployment of web application directory [/Users/princeraj/Desktop/tomcat/webapps/examples] has finished in [525] ms
04-Feb-2021 22:09:26.012 INFO [main] org.apache.catalina.startup.HostConfig.deployDirectory Deploying web application directory [/Users/princeraj/Desktop/tomcat/webapps/ROOT]
04-Feb-2021 22:09:26.261 INFO [main] org.apache.jasper.servlet.TldScanner.scanJars At least one JAR was scanned for TLDs yet contained no TLDs. Enable debug logging for this logger for a complete list of JARs that were scanned but no TLDs were found in them. Skipping unneeded JARs during scanning can improve startup time and JSP compilation time.
04-Feb-2021 22:09:26.264 INFO [main] org.apache.catalina.startup.HostConfig.deployDirectory Deployment of web application directory [/Users/princeraj/Desktop/tomcat/webapps/ROOT] has finished in [252] ms
04-Feb-2021 22:09:26.265 INFO [main] org.apache.catalina.startup.HostConfig.deployDirectory Deploying web application directory [/Users/princeraj/Desktop/tomcat/webapps/host-manager]
04-Feb-2021 22:09:26.450 INFO [main] org.apache.jasper.servlet.TldScanner.scanJars At least one JAR was scanned for TLDs yet contained no TLDs. Enable debug logging for this logger for a complete list of JARs that were scanned but no TLDs were found in them. Skipping unneeded JARs during scanning can improve startup time and JSP compilation time.
04-Feb-2021 22:09:26.453 INFO [main] org.apache.catalina.startup.HostConfig.deployDirectory Deployment of web application directory [/Users/princeraj/Desktop/tomcat/webapps/host-manager] has finished in [188] ms
04-Feb-2021 22:09:26.459 INFO [main] org.apache.coyote.AbstractProtocol.start Starting ProtocolHandler ["http-nio-8080"]
04-Feb-2021 22:09:26.471 INFO [main] org.apache.catalina.startup.Catalina.start Server startup in [2647] milliseconds
04-Feb-2021 22:09:32.429 INFO [main] org.apache.catalina.core.StandardServer.await A valid shutdown command was received via the shutdown port. Stopping the Server instance.
04-Feb-2021 22:09:32.431 INFO [main] org.apache.coyote.AbstractProtocol.pause Pausing ProtocolHandler ["http-nio-8080"]
04-Feb-2021 22:09:32.447 INFO [main] org.apache.catalina.core.StandardService.stopInternal Stopping service [Catalina]
04-Feb-2021 22:09:32.520 INFO [main] org.apache.coyote.AbstractProtocol.stop Stopping ProtocolHandler ["http-nio-8080"]
04-Feb-2021 22:09:32.555 INFO [main] org.apache.coyote.AbstractProtocol.destroy Destroying ProtocolHandler ["http-nio-8080"]
04-Feb-2021 22:15:32.420 INFO [main] org.apache.catalina.startup.VersionLoggerListener.log Server version name:   Apache Tomcat/9.0.41
04-Feb-2021 22:15:32.428 INFO [main] org.apache.catalina.startup.VersionLoggerListener.log Server built:          Dec 3 2020 11:43:00 UTC
04-Feb-2021 22:15:32.428 INFO [main] org.apache.catalina.startup.VersionLoggerListener.log Server version number: 9.0.41.0
04-Feb-2021 22:15:32.429 INFO [main] org.apache.catalina.startup.VersionLoggerListener.log OS Name:               Mac OS X
04-Feb-2021 22:15:32.429 INFO [main] org.apache.catalina.startup.VersionLoggerListener.log OS Version:            10.16
04-Feb-2021 22:15:32.429 INFO [main] org.apache.catalina.startup.VersionLoggerListener.log Architecture:          x86_64
04-Feb-2021 22:15:32.431 INFO [main] org.apache.catalina.startup.VersionLoggerListener.log Java Home:             /Users/princeraj/Library/Java/JavaVirtualMachines/openjdk-15.0.1/Contents/Home
04-Feb-2021 22:15:32.431 INFO [main] org.apache.catalina.startup.VersionLoggerListener.log JVM Version:           15.0.1+9-18
04-Feb-2021 22:15:32.431 INFO [main] org.apache.catalina.startup.VersionLoggerListener.log JVM Vendor:            Oracle Corporation
04-Feb-2021 22:15:32.432 INFO [main] org.apache.catalina.startup.VersionLoggerListener.log CATALINA_BASE:         /Users/princeraj/Desktop/tomcat
04-Feb-2021 22:15:32.432 INFO [main] org.apache.catalina.startup.VersionLoggerListener.log CATALINA_HOME:         /Users/princeraj/Desktop/tomcat
04-Feb-2021 22:15:32.471 INFO [main] org.apache.catalina.startup.VersionLoggerListener.log Command line argument: --add-opens=java.base/java.lang=ALL-UNNAMED
04-Feb-2021 22:15:32.472 INFO [main] org.apache.catalina.startup.VersionLoggerListener.log Command line argument: --add-opens=java.base/java.io=ALL-UNNAMED
04-Feb-2021 22:15:32.472 INFO [main] org.apache.catalina.startup.VersionLoggerListener.log Command line argument: --add-opens=java.rmi/sun.rmi.transport=ALL-UNNAMED
04-Feb-2021 22:15:32.472 INFO [main] org.apache.catalina.startup.VersionLoggerListener.log Command line argument: -Djava.util.logging.config.file=/Users/princeraj/Desktop/tomcat/conf/logging.properties
04-Feb-2021 22:15:32.472 INFO [main] org.apache.catalina.startup.VersionLoggerListener.log Command line argument: -Djava.util.logging.manager=org.apache.juli.ClassLoaderLogManager
04-Feb-2021 22:15:32.472 INFO [main] org.apache.catalina.startup.VersionLoggerListener.log Command line argument: -Djdk.tls.ephemeralDHKeySize=2048
04-Feb-2021 22:15:32.472 INFO [main] org.apache.catalina.startup.VersionLoggerListener.log Command line argument: -Djava.protocol.handler.pkgs=org.apache.catalina.webresources
04-Feb-2021 22:15:32.472 INFO [main] org.apache.catalina.startup.VersionLoggerListener.log Command line argument: -Dorg.apache.catalina.security.SecurityListener.UMASK=0027
04-Feb-2021 22:15:32.473 INFO [main] org.apache.catalina.startup.VersionLoggerListener.log Command line argument: -Dignore.endorsed.dirs=
04-Feb-2021 22:15:32.473 INFO [main] org.apache.catalina.startup.VersionLoggerListener.log Command line argument: -Dcatalina.base=/Users/princeraj/Desktop/tomcat
04-Feb-2021 22:15:32.473 INFO [main] org.apache.catalina.startup.VersionLoggerListener.log Command line argument: -Dcatalina.home=/Users/princeraj/Desktop/tomcat
04-Feb-2021 22:15:32.473 INFO [main] org.apache.catalina.startup.VersionLoggerListener.log Command line argument: -Djava.io.tmpdir=/Users/princeraj/Desktop/tomcat/temp
04-Feb-2021 22:15:32.476 INFO [main] org.apache.catalina.core.AprLifecycleListener.lifecycleEvent The Apache Tomcat Native library which allows using OpenSSL was not found on the java.library.path: [/Users/princeraj/Library/Java/Extensions:/Library/Java/Extensions:/Network/Library/Java/Extensions:/System/Library/Java/Extensions:/usr/lib/java:.]
04-Feb-2021 22:15:33.087 INFO [main] org.apache.coyote.AbstractProtocol.init Initializing ProtocolHandler ["http-nio-8080"]
04-Feb-2021 22:15:33.200 INFO [main] org.apache.catalina.startup.Catalina.load Server initialization in [1328] milliseconds
04-Feb-2021 22:15:33.284 INFO [main] org.apache.catalina.core.StandardService.startInternal Starting service [Catalina]
04-Feb-2021 22:15:33.285 INFO [main] org.apache.catalina.core.StandardEngine.startInternal Starting Servlet engine: [Apache Tomcat/9.0.41]
04-Feb-2021 22:15:33.302 INFO [main] org.apache.catalina.startup.HostConfig.deployDirectory Deploying web application directory [/Users/princeraj/Desktop/tomcat/webapps/Gradle___com_example___ProjectJsp_1_0_SNAPSHOT_war]
04-Feb-2021 22:15:35.000 INFO [main] org.apache.jasper.servlet.TldScanner.scanJars At least one JAR was scanned for TLDs yet contained no TLDs. Enable debug logging for this logger for a complete list of JARs that were scanned but no TLDs were found in them. Skipping unneeded JARs during scanning can improve startup time and JSP compilation time.
04-Feb-2021 22:15:35.083 INFO [main] org.apache.catalina.startup.HostConfig.deployDirectory Deployment of web application directory [/Users/princeraj/Desktop/tomcat/webapps/Gradle___com_example___ProjectJsp_1_0_SNAPSHOT_war] has finished in [1,779] ms
04-Feb-2021 22:15:35.083 INFO [main] org.apache.catalina.startup.HostConfig.deployDirectory Deploying web application directory [/Users/princeraj/Desktop/tomcat/webapps/JspProject]
04-Feb-2021 22:15:35.829 INFO [main] org.apache.jasper.servlet.TldScanner.scanJars At least one JAR was scanned for TLDs yet contained no TLDs. Enable debug logging for this logger for a complete list of JARs that were scanned but no TLDs were found in them. Skipping unneeded JARs during scanning can improve startup time and JSP compilation time.
04-Feb-2021 22:15:35.833 INFO [main] org.apache.catalina.startup.HostConfig.deployDirectory Deployment of web application directory [/Users/princeraj/Desktop/tomcat/webapps/JspProject] has finished in [749] ms
04-Feb-2021 22:15:35.833 INFO [main] org.apache.catalina.startup.HostConfig.deployDirectory Deploying web application directory [/Users/princeraj/Desktop/tomcat/webapps/docs]
04-Feb-2021 22:15:36.846 INFO [main] org.apache.jasper.servlet.TldScanner.scanJars At least one JAR was scanned for TLDs yet contained no TLDs. Enable debug logging for this logger for a complete list of JARs that were scanned but no TLDs were found in them. Skipping unneeded JARs during scanning can improve startup time and JSP compilation time.
04-Feb-2021 22:15:36.852 INFO [main] org.apache.catalina.startup.HostConfig.deployDirectory Deployment of web application directory [/Users/princeraj/Desktop/tomcat/webapps/docs] has finished in [1,019] ms
04-Feb-2021 22:15:36.853 INFO [main] org.apache.catalina.startup.HostConfig.deployDirectory Deploying web application directory [/Users/princeraj/Desktop/tomcat/webapps/manager]
04-Feb-2021 22:15:37.873 INFO [main] org.apache.jasper.servlet.TldScanner.scanJars At least one JAR was scanned for TLDs yet contained no TLDs. Enable debug logging for this logger for a complete list of JARs that were scanned but no TLDs were found in them. Skipping unneeded JARs during scanning can improve startup time and JSP compilation time.
04-Feb-2021 22:15:37.887 INFO [main] org.apache.catalina.startup.HostConfig.deployDirectory Deployment of web application directory [/Users/princeraj/Desktop/tomcat/webapps/manager] has finished in [1,034] ms
04-Feb-2021 22:15:37.887 INFO [main] org.apache.catalina.startup.HostConfig.deployDirectory Deploying web application directory [/Users/princeraj/Desktop/tomcat/webapps/examples]
04-Feb-2021 22:15:39.419 INFO [main] org.apache.jasper.servlet.TldScanner.scanJars At least one JAR was scanned for TLDs yet contained no TLDs. Enable debug logging for this logger for a complete list of JARs that were scanned but no TLDs were found in them. Skipping unneeded JARs during scanning can improve startup time and JSP compilation time.
04-Feb-2021 22:15:39.446 INFO [main] org.apache.catalina.startup.HostConfig.deployDirectory Deployment of web application directory [/Users/princeraj/Desktop/tomcat/webapps/examples] has finished in [1,559] ms
04-Feb-2021 22:15:39.447 INFO [main] org.apache.catalina.startup.HostConfig.deployDirectory Deploying web application directory [/Users/princeraj/Desktop/tomcat/webapps/ROOT]
04-Feb-2021 22:15:40.259 INFO [main] org.apache.jasper.servlet.TldScanner.scanJars At least one JAR was scanned for TLDs yet contained no TLDs. Enable debug logging for this logger for a complete list of JARs that were scanned but no TLDs were found in them. Skipping unneeded JARs during scanning can improve startup time and JSP compilation time.
04-Feb-2021 22:15:40.263 INFO [main] org.apache.catalina.startup.HostConfig.deployDirectory Deployment of web application directory [/Users/princeraj/Desktop/tomcat/webapps/ROOT] has finished in [815] ms
04-Feb-2021 22:15:40.263 INFO [main] org.apache.catalina.startup.HostConfig.deployDirectory Deploying web application directory [/Users/princeraj/Desktop/tomcat/webapps/host-manager]
04-Feb-2021 22:15:40.916 INFO [main] org.apache.jasper.servlet.TldScanner.scanJars At least one JAR was scanned for TLDs yet contained no TLDs. Enable debug logging for this logger for a complete list of JARs that were scanned but no TLDs were found in them. Skipping unneeded JARs during scanning can improve startup time and JSP compilation time.
04-Feb-2021 22:15:40.919 INFO [main] org.apache.catalina.startup.HostConfig.deployDirectory Deployment of web application directory [/Users/princeraj/Desktop/tomcat/webapps/host-manager] has finished in [655] ms
04-Feb-2021 22:15:40.927 INFO [main] org.apache.coyote.AbstractProtocol.start Starting ProtocolHandler ["http-nio-8080"]
04-Feb-2021 22:15:40.943 INFO [main] org.apache.catalina.startup.Catalina.start Server startup in [7742] milliseconds
04-Feb-2021 22:54:07.574 INFO [main] org.apache.catalina.core.StandardServer.await A valid shutdown command was received via the shutdown port. Stopping the Server instance.
04-Feb-2021 22:54:07.600 INFO [main] org.apache.coyote.AbstractProtocol.pause Pausing ProtocolHandler ["http-nio-8080"]
04-Feb-2021 22:54:07.682 INFO [main] org.apache.catalina.core.StandardService.stopInternal Stopping service [Catalina]
04-Feb-2021 22:54:07.824 INFO [main] org.apache.coyote.AbstractProtocol.stop Stopping ProtocolHandler ["http-nio-8080"]
04-Feb-2021 22:54:07.848 INFO [main] org.apache.coyote.AbstractProtocol.destroy Destroying ProtocolHandler ["http-nio-8080"]
