23-Feb-2021 09:17:37.404 INFO [main] org.apache.catalina.startup.VersionLoggerListener.log Server version name:   Apache Tomcat/9.0.41
23-Feb-2021 09:17:37.411 INFO [main] org.apache.catalina.startup.VersionLoggerListener.log Server built:          Dec 3 2020 11:43:00 UTC
23-Feb-2021 09:17:37.411 INFO [main] org.apache.catalina.startup.VersionLoggerListener.log Server version number: 9.0.41.0
23-Feb-2021 09:17:37.412 INFO [main] org.apache.catalina.startup.VersionLoggerListener.log OS Name:               Mac OS X
23-Feb-2021 09:17:37.412 INFO [main] org.apache.catalina.startup.VersionLoggerListener.log OS Version:            10.16
23-Feb-2021 09:17:37.412 INFO [main] org.apache.catalina.startup.VersionLoggerListener.log Architecture:          x86_64
23-Feb-2021 09:17:37.412 INFO [main] org.apache.catalina.startup.VersionLoggerListener.log Java Home:             /Users/princeraj/Library/Java/JavaVirtualMachines/openjdk-15.0.1/Contents/Home
23-Feb-2021 09:17:37.412 INFO [main] org.apache.catalina.startup.VersionLoggerListener.log JVM Version:           15.0.1+9-18
23-Feb-2021 09:17:37.412 INFO [main] org.apache.catalina.startup.VersionLoggerListener.log JVM Vendor:            Oracle Corporation
23-Feb-2021 09:17:37.413 INFO [main] org.apache.catalina.startup.VersionLoggerListener.log CATALINA_BASE:         /Users/princeraj/Desktop/tomcat
23-Feb-2021 09:17:37.413 INFO [main] org.apache.catalina.startup.VersionLoggerListener.log CATALINA_HOME:         /Users/princeraj/Desktop/tomcat
23-Feb-2021 09:17:37.449 INFO [main] org.apache.catalina.startup.VersionLoggerListener.log Command line argument: --add-opens=java.base/java.lang=ALL-UNNAMED
23-Feb-2021 09:17:37.449 INFO [main] org.apache.catalina.startup.VersionLoggerListener.log Command line argument: --add-opens=java.base/java.io=ALL-UNNAMED
23-Feb-2021 09:17:37.450 INFO [main] org.apache.catalina.startup.VersionLoggerListener.log Command line argument: --add-opens=java.rmi/sun.rmi.transport=ALL-UNNAMED
23-Feb-2021 09:17:37.450 INFO [main] org.apache.catalina.startup.VersionLoggerListener.log Command line argument: -Djava.util.logging.config.file=/Users/princeraj/Desktop/tomcat/conf/logging.properties
23-Feb-2021 09:17:37.450 INFO [main] org.apache.catalina.startup.VersionLoggerListener.log Command line argument: -Djava.util.logging.manager=org.apache.juli.ClassLoaderLogManager
23-Feb-2021 09:17:37.450 INFO [main] org.apache.catalina.startup.VersionLoggerListener.log Command line argument: -Djdk.tls.ephemeralDHKeySize=2048
23-Feb-2021 09:17:37.451 INFO [main] org.apache.catalina.startup.VersionLoggerListener.log Command line argument: -Djava.protocol.handler.pkgs=org.apache.catalina.webresources
23-Feb-2021 09:17:37.451 INFO [main] org.apache.catalina.startup.VersionLoggerListener.log Command line argument: -Dorg.apache.catalina.security.SecurityListener.UMASK=0027
23-Feb-2021 09:17:37.451 INFO [main] org.apache.catalina.startup.VersionLoggerListener.log Command line argument: -Dignore.endorsed.dirs=
23-Feb-2021 09:17:37.451 INFO [main] org.apache.catalina.startup.VersionLoggerListener.log Command line argument: -Dcatalina.base=/Users/princeraj/Desktop/tomcat
23-Feb-2021 09:17:37.452 INFO [main] org.apache.catalina.startup.VersionLoggerListener.log Command line argument: -Dcatalina.home=/Users/princeraj/Desktop/tomcat
23-Feb-2021 09:17:37.452 INFO [main] org.apache.catalina.startup.VersionLoggerListener.log Command line argument: -Djava.io.tmpdir=/Users/princeraj/Desktop/tomcat/temp
23-Feb-2021 09:17:37.457 INFO [main] org.apache.catalina.core.AprLifecycleListener.lifecycleEvent The Apache Tomcat Native library which allows using OpenSSL was not found on the java.library.path: [/Users/princeraj/Library/Java/Extensions:/Library/Java/Extensions:/Network/Library/Java/Extensions:/System/Library/Java/Extensions:/usr/lib/java:.]
23-Feb-2021 09:17:38.077 INFO [main] org.apache.coyote.AbstractProtocol.init Initializing ProtocolHandler ["http-nio-8080"]
23-Feb-2021 09:17:38.178 SEVERE [main] org.apache.catalina.util.LifecycleBase.handleSubClassException Failed to initialize component [Connector[HTTP/1.1-8080]]
	org.apache.catalina.LifecycleException: Protocol handler initialization failed
		at org.apache.catalina.connector.Connector.initInternal(Connector.java:1042)
		at org.apache.catalina.util.LifecycleBase.init(LifecycleBase.java:136)
		at org.apache.catalina.core.StandardService.initInternal(StandardService.java:558)
		at org.apache.catalina.util.LifecycleBase.init(LifecycleBase.java:136)
		at org.apache.catalina.core.StandardServer.initInternal(StandardServer.java:1057)
		at org.apache.catalina.util.LifecycleBase.init(LifecycleBase.java:136)
		at org.apache.catalina.startup.Catalina.load(Catalina.java:724)
		at org.apache.catalina.startup.Catalina.load(Catalina.java:746)
		at java.base/jdk.internal.reflect.NativeMethodAccessorImpl.invoke0(Native Method)
		at java.base/jdk.internal.reflect.NativeMethodAccessorImpl.invoke(NativeMethodAccessorImpl.java:64)
		at java.base/jdk.internal.reflect.DelegatingMethodAccessorImpl.invoke(DelegatingMethodAccessorImpl.java:43)
		at java.base/java.lang.reflect.Method.invoke(Method.java:564)
		at org.apache.catalina.startup.Bootstrap.load(Bootstrap.java:302)
		at org.apache.catalina.startup.Bootstrap.main(Bootstrap.java:472)
	Caused by: java.net.BindException: Address already in use
		at java.base/sun.nio.ch.Net.bind0(Native Method)
		at java.base/sun.nio.ch.Net.bind(Net.java:550)
		at java.base/sun.nio.ch.ServerSocketChannelImpl.bind(ServerSocketChannelImpl.java:249)
		at java.base/sun.nio.ch.ServerSocketAdaptor.bind(ServerSocketAdaptor.java:88)
		at org.apache.tomcat.util.net.NioEndpoint.initServerSocket(NioEndpoint.java:228)
		at org.apache.tomcat.util.net.NioEndpoint.bind(NioEndpoint.java:211)
		at org.apache.tomcat.util.net.AbstractEndpoint.bindWithCleanup(AbstractEndpoint.java:1159)
		at org.apache.tomcat.util.net.AbstractEndpoint.init(AbstractEndpoint.java:1172)
		at org.apache.coyote.AbstractProtocol.init(AbstractProtocol.java:592)
		at org.apache.coyote.http11.AbstractHttp11Protocol.init(AbstractHttp11Protocol.java:80)
		at org.apache.catalina.connector.Connector.initInternal(Connector.java:1039)
		... 13 more
23-Feb-2021 09:17:38.180 INFO [main] org.apache.catalina.startup.Catalina.load Server initialization in [1272] milliseconds
23-Feb-2021 09:17:38.262 INFO [main] org.apache.catalina.core.StandardService.startInternal Starting service [Catalina]
23-Feb-2021 09:17:38.262 INFO [main] org.apache.catalina.core.StandardEngine.startInternal Starting Servlet engine: [Apache Tomcat/9.0.41]
23-Feb-2021 09:17:38.293 INFO [main] org.apache.catalina.startup.HostConfig.deployWAR Deploying web application archive [/Users/princeraj/Desktop/tomcat/webapps/sample.war]
23-Feb-2021 09:17:39.672 INFO [main] org.apache.jasper.servlet.TldScanner.scanJars At least one JAR was scanned for TLDs yet contained no TLDs. Enable debug logging for this logger for a complete list of JARs that were scanned but no TLDs were found in them. Skipping unneeded JARs during scanning can improve startup time and JSP compilation time.
23-Feb-2021 09:17:39.762 INFO [main] org.apache.catalina.startup.HostConfig.deployWAR Deployment of web application archive [/Users/princeraj/Desktop/tomcat/webapps/sample.war] has finished in [1,469] ms
23-Feb-2021 09:17:39.763 INFO [main] org.apache.catalina.startup.HostConfig.deployDirectory Deploying web application directory [/Users/princeraj/Desktop/tomcat/webapps/JspForm]
23-Feb-2021 09:17:40.433 INFO [main] org.apache.jasper.servlet.TldScanner.scanJars At least one JAR was scanned for TLDs yet contained no TLDs. Enable debug logging for this logger for a complete list of JARs that were scanned but no TLDs were found in them. Skipping unneeded JARs during scanning can improve startup time and JSP compilation time.
23-Feb-2021 09:17:40.438 INFO [main] org.apache.catalina.startup.HostConfig.deployDirectory Deployment of web application directory [/Users/princeraj/Desktop/tomcat/webapps/JspForm] has finished in [674] ms
23-Feb-2021 09:17:40.438 INFO [main] org.apache.catalina.startup.HostConfig.deployDirectory Deploying web application directory [/Users/princeraj/Desktop/tomcat/webapps/Gradle___com_example___ProjectJsp_1_0_SNAPSHOT_war]
23-Feb-2021 09:17:41.097 INFO [main] org.apache.jasper.servlet.TldScanner.scanJars At least one JAR was scanned for TLDs yet contained no TLDs. Enable debug logging for this logger for a complete list of JARs that were scanned but no TLDs were found in them. Skipping unneeded JARs during scanning can improve startup time and JSP compilation time.
23-Feb-2021 09:17:41.103 INFO [main] org.apache.catalina.startup.HostConfig.deployDirectory Deployment of web application directory [/Users/princeraj/Desktop/tomcat/webapps/Gradle___com_example___ProjectJsp_1_0_SNAPSHOT_war] has finished in [665] ms
23-Feb-2021 09:17:41.104 INFO [main] org.apache.catalina.startup.HostConfig.deployDirectory Deploying web application directory [/Users/princeraj/Desktop/tomcat/webapps/JspProject]
23-Feb-2021 09:17:41.753 INFO [main] org.apache.jasper.servlet.TldScanner.scanJars At least one JAR was scanned for TLDs yet contained no TLDs. Enable debug logging for this logger for a complete list of JARs that were scanned but no TLDs were found in them. Skipping unneeded JARs during scanning can improve startup time and JSP compilation time.
23-Feb-2021 09:17:41.757 INFO [main] org.apache.catalina.startup.HostConfig.deployDirectory Deployment of web application directory [/Users/princeraj/Desktop/tomcat/webapps/JspProject] has finished in [654] ms
23-Feb-2021 09:17:41.757 INFO [main] org.apache.catalina.startup.HostConfig.deployDirectory Deploying web application directory [/Users/princeraj/Desktop/tomcat/webapps/tests]
23-Feb-2021 09:17:42.411 INFO [main] org.apache.jasper.servlet.TldScanner.scanJars At least one JAR was scanned for TLDs yet contained no TLDs. Enable debug logging for this logger for a complete list of JARs that were scanned but no TLDs were found in them. Skipping unneeded JARs during scanning can improve startup time and JSP compilation time.
23-Feb-2021 09:17:42.414 INFO [main] org.apache.catalina.startup.HostConfig.deployDirectory Deployment of web application directory [/Users/princeraj/Desktop/tomcat/webapps/tests] has finished in [657] ms
23-Feb-2021 09:17:42.415 INFO [main] org.apache.catalina.startup.HostConfig.deployDirectory Deploying web application directory [/Users/princeraj/Desktop/tomcat/webapps/docs]
23-Feb-2021 09:17:42.965 INFO [main] org.apache.jasper.servlet.TldScanner.scanJars At least one JAR was scanned for TLDs yet contained no TLDs. Enable debug logging for this logger for a complete list of JARs that were scanned but no TLDs were found in them. Skipping unneeded JARs during scanning can improve startup time and JSP compilation time.
23-Feb-2021 09:17:42.967 INFO [main] org.apache.catalina.startup.HostConfig.deployDirectory Deployment of web application directory [/Users/princeraj/Desktop/tomcat/webapps/docs] has finished in [553] ms
23-Feb-2021 09:17:42.967 INFO [main] org.apache.catalina.startup.HostConfig.deployDirectory Deploying web application directory [/Users/princeraj/Desktop/tomcat/webapps/manager]
23-Feb-2021 09:17:43.405 INFO [main] org.apache.jasper.servlet.TldScanner.scanJars At least one JAR was scanned for TLDs yet contained no TLDs. Enable debug logging for this logger for a complete list of JARs that were scanned but no TLDs were found in them. Skipping unneeded JARs during scanning can improve startup time and JSP compilation time.
23-Feb-2021 09:17:43.415 INFO [main] org.apache.catalina.startup.HostConfig.deployDirectory Deployment of web application directory [/Users/princeraj/Desktop/tomcat/webapps/manager] has finished in [448] ms
23-Feb-2021 09:17:43.416 INFO [main] org.apache.catalina.startup.HostConfig.deployDirectory Deploying web application directory [/Users/princeraj/Desktop/tomcat/webapps/ROOT]
23-Feb-2021 09:17:44.454 INFO [main] org.apache.jasper.servlet.TldScanner.scanJars At least one JAR was scanned for TLDs yet contained no TLDs. Enable debug logging for this logger for a complete list of JARs that were scanned but no TLDs were found in them. Skipping unneeded JARs during scanning can improve startup time and JSP compilation time.
23-Feb-2021 09:17:44.492 INFO [main] org.apache.catalina.startup.HostConfig.deployDirectory Deployment of web application directory [/Users/princeraj/Desktop/tomcat/webapps/ROOT] has finished in [1,076] ms
23-Feb-2021 09:17:44.492 INFO [main] org.apache.catalina.startup.HostConfig.deployDirectory Deploying web application directory [/Users/princeraj/Desktop/tomcat/webapps/host-manager]
23-Feb-2021 09:17:45.094 INFO [main] org.apache.jasper.servlet.TldScanner.scanJars At least one JAR was scanned for TLDs yet contained no TLDs. Enable debug logging for this logger for a complete list of JARs that were scanned but no TLDs were found in them. Skipping unneeded JARs during scanning can improve startup time and JSP compilation time.
23-Feb-2021 09:17:45.098 INFO [main] org.apache.catalina.startup.HostConfig.deployDirectory Deployment of web application directory [/Users/princeraj/Desktop/tomcat/webapps/host-manager] has finished in [606] ms
23-Feb-2021 09:17:45.105 INFO [main] org.apache.catalina.startup.Catalina.start Server startup in [6924] milliseconds
23-Feb-2021 09:17:45.120 SEVERE [main] org.apache.catalina.core.StandardServer.await Failed to create server shutdown socket on address [localhost] and port [8005] (base port [8005] and offset [0])
	java.net.BindException: Address already in use
		at java.base/sun.nio.ch.Net.bind0(Native Method)
		at java.base/sun.nio.ch.Net.bind(Net.java:550)
		at java.base/sun.nio.ch.Net.bind(Net.java:539)
		at java.base/sun.nio.ch.NioSocketImpl.bind(NioSocketImpl.java:643)
		at java.base/java.net.ServerSocket.bind(ServerSocket.java:396)
		at java.base/java.net.ServerSocket.<init>(ServerSocket.java:282)
		at org.apache.catalina.core.StandardServer.await(StandardServer.java:584)
		at org.apache.catalina.startup.Catalina.await(Catalina.java:864)
		at org.apache.catalina.startup.Catalina.start(Catalina.java:810)
		at java.base/jdk.internal.reflect.NativeMethodAccessorImpl.invoke0(Native Method)
		at java.base/jdk.internal.reflect.NativeMethodAccessorImpl.invoke(NativeMethodAccessorImpl.java:64)
		at java.base/jdk.internal.reflect.DelegatingMethodAccessorImpl.invoke(DelegatingMethodAccessorImpl.java:43)
		at java.base/java.lang.reflect.Method.invoke(Method.java:564)
		at org.apache.catalina.startup.Bootstrap.start(Bootstrap.java:342)
		at org.apache.catalina.startup.Bootstrap.main(Bootstrap.java:473)
23-Feb-2021 09:17:45.120 INFO [main] org.apache.coyote.AbstractProtocol.pause Pausing ProtocolHandler ["http-nio-8080"]
23-Feb-2021 09:17:45.121 INFO [main] org.apache.catalina.core.StandardService.stopInternal Stopping service [Catalina]
23-Feb-2021 09:17:45.197 INFO [main] org.apache.coyote.AbstractProtocol.stop Stopping ProtocolHandler ["http-nio-8080"]
23-Feb-2021 09:17:45.198 INFO [main] org.apache.coyote.AbstractProtocol.destroy Destroying ProtocolHandler ["http-nio-8080"]
23-Feb-2021 14:56:49.772 INFO [main] org.apache.catalina.core.StandardServer.await A valid shutdown command was received via the shutdown port. Stopping the Server instance.
23-Feb-2021 14:56:49.775 INFO [main] org.apache.coyote.AbstractProtocol.pause Pausing ProtocolHandler ["http-nio-8080"]
23-Feb-2021 14:56:49.781 INFO [main] org.apache.catalina.core.StandardService.stopInternal Stopping service [Catalina]
23-Feb-2021 14:56:49.874 INFO [main] org.apache.coyote.AbstractProtocol.stop Stopping ProtocolHandler ["http-nio-8080"]
23-Feb-2021 14:56:49.887 INFO [main] org.apache.coyote.AbstractProtocol.destroy Destroying ProtocolHandler ["http-nio-8080"]
