21-Feb-2021 13:10:14.509 INFO [main] org.apache.catalina.core.ApplicationContext.log ContextListener: contextInitialized()
21-Feb-2021 13:10:14.510 INFO [main] org.apache.catalina.core.ApplicationContext.log SessionListener: contextInitialized()
21-Feb-2021 13:10:14.512 INFO [main] org.apache.catalina.core.ApplicationContext.log ContextListener: attributeAdded('StockTicker', 'async.Stockticker@390e814c')
21-Feb-2021 13:15:50.906 INFO [http-nio-8080-exec-15] org.apache.catalina.core.ApplicationContext.log ContextListener: attributeAdded('org.apache.jasper.runtime.JspApplicationContextImpl', 'org.apache.jasper.runtime.JspApplicationContextImpl@1c5f8dcb')
21-Feb-2021 13:15:50.975 INFO [http-nio-8080-exec-15] org.apache.catalina.core.ApplicationContext.log ContextListener: attributeAdded('org.apache.jasper.compiler.ELInterpreter', 'org.apache.jasper.compiler.ELInterpreterFactory$DefaultELInterpreter@6b4c5028')
21-Feb-2021 13:15:51.131 INFO [http-nio-8080-exec-15] org.apache.catalina.core.ApplicationContext.log SessionListener: sessionCreated('C3A579935CC2B0D7682E71090F439F4A')
21-Feb-2021 13:26:23.572 INFO [Catalina-utility-1] org.apache.catalina.core.ApplicationContext.log SessionListener: contextDestroyed()
21-Feb-2021 13:26:23.572 INFO [Catalina-utility-1] org.apache.catalina.core.ApplicationContext.log ContextListener: contextDestroyed()
21-Feb-2021 13:26:24.520 INFO [Catalina-utility-1] org.apache.catalina.core.ApplicationContext.log ContextListener: contextInitialized()
21-Feb-2021 13:26:24.520 INFO [Catalina-utility-1] org.apache.catalina.core.ApplicationContext.log SessionListener: contextInitialized()
21-Feb-2021 13:26:24.524 INFO [Catalina-utility-1] org.apache.catalina.core.ApplicationContext.log ContextListener: attributeAdded('StockTicker', 'async.Stockticker@20432426')
21-Feb-2021 13:26:37.760 INFO [main] org.apache.catalina.core.ApplicationContext.log SessionListener: contextDestroyed()
21-Feb-2021 13:26:37.760 INFO [main] org.apache.catalina.core.ApplicationContext.log ContextListener: contextDestroyed()
21-Feb-2021 13:26:46.639 INFO [main] org.apache.catalina.core.ApplicationContext.log ContextListener: contextInitialized()
21-Feb-2021 13:26:46.639 INFO [main] org.apache.catalina.core.ApplicationContext.log SessionListener: contextInitialized()
21-Feb-2021 13:26:46.641 INFO [main] org.apache.catalina.core.ApplicationContext.log ContextListener: attributeAdded('StockTicker', 'async.Stockticker@5a14a8c1')
21-Feb-2021 13:27:39.934 INFO [http-nio-8080-exec-6] org.apache.catalina.core.ApplicationContext.log ContextListener: attributeAdded('org.apache.jasper.runtime.JspApplicationContextImpl', 'org.apache.jasper.runtime.JspApplicationContextImpl@2ddd9618')
21-Feb-2021 13:27:39.975 INFO [http-nio-8080-exec-6] org.apache.catalina.core.ApplicationContext.log ContextListener: attributeAdded('org.apache.jasper.compiler.ELInterpreter', 'org.apache.jasper.compiler.ELInterpreterFactory$DefaultELInterpreter@74787e73')
21-Feb-2021 13:27:41.017 INFO [http-nio-8080-exec-6] org.apache.catalina.core.ApplicationContext.log SessionListener: sessionCreated('D60D896A6A11EB751543321311E43C2E')
21-Feb-2021 13:31:19.985 INFO [main] org.apache.catalina.core.ApplicationContext.log SessionListener: contextDestroyed()
21-Feb-2021 13:31:19.985 INFO [main] org.apache.catalina.core.ApplicationContext.log ContextListener: contextDestroyed()
21-Feb-2021 13:31:29.330 INFO [main] org.apache.catalina.core.ApplicationContext.log ContextListener: contextInitialized()
21-Feb-2021 13:31:29.331 INFO [main] org.apache.catalina.core.ApplicationContext.log SessionListener: contextInitialized()
21-Feb-2021 13:31:29.333 INFO [main] org.apache.catalina.core.ApplicationContext.log ContextListener: attributeAdded('StockTicker', 'async.Stockticker@310df168')
21-Feb-2021 13:31:53.564 INFO [main] org.apache.catalina.core.ApplicationContext.log SessionListener: contextDestroyed()
21-Feb-2021 13:31:53.564 INFO [main] org.apache.catalina.core.ApplicationContext.log ContextListener: contextDestroyed()
21-Feb-2021 13:32:03.252 INFO [main] org.apache.catalina.core.ApplicationContext.log ContextListener: contextInitialized()
21-Feb-2021 13:32:03.253 INFO [main] org.apache.catalina.core.ApplicationContext.log SessionListener: contextInitialized()
21-Feb-2021 13:32:03.255 INFO [main] org.apache.catalina.core.ApplicationContext.log ContextListener: attributeAdded('StockTicker', 'async.Stockticker@128579a6')
21-Feb-2021 13:45:33.961 INFO [main] org.apache.catalina.core.ApplicationContext.log SessionListener: contextDestroyed()
21-Feb-2021 13:45:33.961 INFO [main] org.apache.catalina.core.ApplicationContext.log ContextListener: contextDestroyed()
21-Feb-2021 13:46:15.682 INFO [main] org.apache.catalina.core.ApplicationContext.log ContextListener: contextInitialized()
21-Feb-2021 13:46:15.682 INFO [main] org.apache.catalina.core.ApplicationContext.log SessionListener: contextInitialized()
21-Feb-2021 13:46:15.683 INFO [main] org.apache.catalina.core.ApplicationContext.log ContextListener: attributeAdded('StockTicker', 'async.Stockticker@766534b0')
21-Feb-2021 14:10:17.177 INFO [Catalina-utility-1] org.apache.catalina.core.ApplicationContext.log SessionListener: sessionDestroyed('D60D896A6A11EB751543321311E43C2E')
21-Feb-2021 14:22:55.478 INFO [main] org.apache.catalina.core.ApplicationContext.log SessionListener: contextDestroyed()
21-Feb-2021 14:22:55.478 INFO [main] org.apache.catalina.core.ApplicationContext.log ContextListener: contextDestroyed()
21-Feb-2021 14:23:57.714 INFO [main] org.apache.catalina.core.ApplicationContext.log ContextListener: contextInitialized()
21-Feb-2021 14:23:57.714 INFO [main] org.apache.catalina.core.ApplicationContext.log SessionListener: contextInitialized()
21-Feb-2021 14:23:57.716 INFO [main] org.apache.catalina.core.ApplicationContext.log ContextListener: attributeAdded('StockTicker', 'async.Stockticker@794daa09')
21-Feb-2021 14:37:53.931 INFO [http-nio-8080-exec-10] org.apache.catalina.core.ApplicationContext.log ContextListener: attributeAdded('org.apache.jasper.runtime.JspApplicationContextImpl', 'org.apache.jasper.runtime.JspApplicationContextImpl@2b6c48c7')
21-Feb-2021 14:40:29.870 INFO [Catalina-utility-2] org.apache.catalina.core.ApplicationContext.log SessionListener: contextDestroyed()
21-Feb-2021 14:40:29.871 INFO [Catalina-utility-2] org.apache.catalina.core.ApplicationContext.log ContextListener: contextDestroyed()
21-Feb-2021 14:40:30.545 INFO [Catalina-utility-2] org.apache.catalina.core.ApplicationContext.log ContextListener: contextInitialized()
21-Feb-2021 14:40:30.545 INFO [Catalina-utility-2] org.apache.catalina.core.ApplicationContext.log SessionListener: contextInitialized()
21-Feb-2021 14:40:30.546 INFO [Catalina-utility-2] org.apache.catalina.core.ApplicationContext.log ContextListener: attributeAdded('StockTicker', 'async.Stockticker@5861f465')
21-Feb-2021 14:40:53.413 INFO [Catalina-utility-2] org.apache.catalina.core.ApplicationContext.log SessionListener: contextDestroyed()
21-Feb-2021 14:40:53.414 INFO [Catalina-utility-2] org.apache.catalina.core.ApplicationContext.log ContextListener: contextDestroyed()
21-Feb-2021 14:40:53.934 INFO [Catalina-utility-2] org.apache.catalina.core.ApplicationContext.log ContextListener: contextInitialized()
21-Feb-2021 14:40:53.935 INFO [Catalina-utility-2] org.apache.catalina.core.ApplicationContext.log SessionListener: contextInitialized()
21-Feb-2021 14:40:53.936 INFO [Catalina-utility-2] org.apache.catalina.core.ApplicationContext.log ContextListener: attributeAdded('StockTicker', 'async.Stockticker@5dc1e2c1')
21-Feb-2021 14:41:16.743 INFO [Catalina-utility-1] org.apache.catalina.core.ApplicationContext.log SessionListener: contextDestroyed()
21-Feb-2021 14:41:16.743 INFO [Catalina-utility-1] org.apache.catalina.core.ApplicationContext.log ContextListener: contextDestroyed()
21-Feb-2021 14:41:17.186 INFO [Catalina-utility-1] org.apache.catalina.core.ApplicationContext.log ContextListener: contextInitialized()
21-Feb-2021 14:41:17.186 INFO [Catalina-utility-1] org.apache.catalina.core.ApplicationContext.log SessionListener: contextInitialized()
21-Feb-2021 14:41:17.187 INFO [Catalina-utility-1] org.apache.catalina.core.ApplicationContext.log ContextListener: attributeAdded('StockTicker', 'async.Stockticker@15b219de')
21-Feb-2021 16:27:34.998 INFO [main] org.apache.catalina.core.ApplicationContext.log SessionListener: contextDestroyed()
21-Feb-2021 16:27:34.998 INFO [main] org.apache.catalina.core.ApplicationContext.log ContextListener: contextDestroyed()
